c:\lsfm_software\treiberimplementierung\lsfmlibrary\x64\debug\lsfmlibrary.pch
c:\lsfm_software\treiberimplementierung\lsfmlibrary\x64\debug\vc142.pdb
c:\lsfm_software\treiberimplementierung\lsfmlibrary\x64\debug\vc142.idb
c:\lsfm_software\treiberimplementierung\lsfmlibrary\x64\debug\pch.obj
c:\lsfm_software\treiberimplementierung\lsfmlibrary\x64\debug\xagylfilter.obj
c:\lsfm_software\treiberimplementierung\lsfmlibrary\x64\debug\lsfm_motion_pi.obj
c:\lsfm_software\treiberimplementierung\lsfmlibrary\x64\debug\lsfm_laser.obj
c:\lsfm_software\treiberimplementierung\lsfmlibrary\x64\debug\lsfm_camera.obj
c:\lsfm_software\treiberimplementierung\lsfmlibrary\x64\debug\lsfmlibrary.obj
c:\lsfm_software\treiberimplementierung\lsfmlibrary\x64\debug\globalfunctions.obj
c:\lsfm_software\treiberimplementierung\lsfmlibrary\x64\debug\dllmain.obj
c:\lsfm_software\treiberimplementierung\lsfmlibrary\x64\debug\composite.obj
c:\lsfm_software\treiberimplementierung\bin64\lsfmlibrary.ilk
c:\lsfm_software\treiberimplementierung\bin64\lsfmlibrary.dll
c:\lsfm_software\treiberimplementierung\bin64\lsfmlibrary.pdb
c:\lsfm_software\treiberimplementierung\bin64\lsfmlibrary.lib
c:\lsfm_software\treiberimplementierung\bin64\lsfmlibrary.exp
c:\lsfm_software\treiberimplementierung\lsfmlibrary\x64\debug\lsfmlibrary.tlog\cl.command.1.tlog
c:\lsfm_software\treiberimplementierung\lsfmlibrary\x64\debug\lsfmlibrary.tlog\cl.read.1.tlog
c:\lsfm_software\treiberimplementierung\lsfmlibrary\x64\debug\lsfmlibrary.tlog\cl.write.1.tlog
c:\lsfm_software\treiberimplementierung\lsfmlibrary\x64\debug\lsfmlibrary.tlog\link.command.1.tlog
c:\lsfm_software\treiberimplementierung\lsfmlibrary\x64\debug\lsfmlibrary.tlog\link.read.1.tlog
c:\lsfm_software\treiberimplementierung\lsfmlibrary\x64\debug\lsfmlibrary.tlog\link.write.1.tlog
c:\lsfm_software\treiberimplementierung\lsfmlibrary\x64\debug\lsfmlibrary.tlog\lsfmlibrary.write.1u.tlog
